# JRE version: Java(TM) SE Runtime Environment (8.0_221-b11) (build 1.8.0_221-b11)
# Java VM: Java HotSpot(TM) 64-Bit Server VM (25.221-b11 mixed mode windows-amd64 compressed oops)
Heap:
 PSYoungGen      total 433152K, used 193105K [0x00000000d5580000, 0x00000000f4580000, 0x0000000100000000)
  eden space 366592K, 47% used [0x00000000d5580000,0x00000000dfe523f8,0x00000000ebb80000)
  from space 66560K, 30% used [0x00000000f0480000,0x00000000f1842120,0x00000000f4580000)
  to   space 70656K, 0% used [0x00000000ebb80000,0x00000000ebb80000,0x00000000f0080000)
 ParOldGen       total 271872K, used 97583K [0x0000000080000000, 0x0000000090980000, 0x00000000d5580000)
  object space 271872K, 35% used [0x0000000080000000,0x0000000085f4bf38,0x0000000090980000)
 Metaspace       used 174816K, capacity 183840K, committed 184064K, reserved 1208320K
  class space    used 23466K, capacity 25231K, committed 25344K, reserved 1048576K
GC Heap History (10 events):
Event: 1549.637 GC heap before
{Heap before GC invocations=27 (full 4):
 PSYoungGen      total 368640K, used 360422K [0x00000000d5580000, 0x00000000f0580000, 0x0000000100000000)
  eden space 313344K, 100% used [0x00000000d5580000,0x00000000e8780000,0x00000000e8780000)
  from space 55296K, 85% used [0x00000000ec300000,0x00000000ef0f9a00,0x00000000ef900000)
  to   space 60928K, 0% used [0x00000000e8780000,0x00000000e8780000,0x00000000ec300000)
 ParOldGen       total 193536K, used 99708K [0x0000000080000000, 0x000000008bd00000, 0x00000000d5580000)
  object space 193536K, 51% used [0x0000000080000000,0x000000008615f3c8,0x000000008bd00000)
 Metaspace       used 149971K, capacity 157324K, committed 157696K, reserved 1185792K
  class space    used 20211K, capacity 21649K, committed 21760K, reserved 1048576K
Event: 1549.734 GC heap after
Heap after GC invocations=27 (full 4):
 PSYoungGen      total 374272K, used 60918K [0x00000000d5580000, 0x00000000f3600000, 0x0000000100000000)
  eden space 313344K, 0% used [0x00000000d5580000,0x00000000d5580000,0x00000000e8780000)
  from space 60928K, 99% used [0x00000000e8780000,0x00000000ec2fd898,0x00000000ec300000)
  to   space 72192K, 0% used [0x00000000eef80000,0x00000000eef80000,0x00000000f3600000)
 ParOldGen       total 193536K, used 103920K [0x0000000080000000, 0x000000008bd00000, 0x00000000d5580000)
  object space 193536K, 53% used [0x0000000080000000,0x000000008657c0d8,0x000000008bd00000)
 Metaspace       used 149971K, capacity 157324K, committed 157696K, reserved 1185792K
  class space    used 20211K, capacity 21649K, committed 21760K, reserved 1048576K
}
Event: 1626.053 GC heap before
{Heap before GC invocations=28 (full 4):
 PSYoungGen      total 374272K, used 373960K [0x00000000d5580000, 0x00000000f3600000, 0x0000000100000000)
  eden space 313344K, 99% used [0x00000000d5580000,0x00000000e87348d8,0x00000000e8780000)
  from space 60928K, 99% used [0x00000000e8780000,0x00000000ec2fd898,0x00000000ec300000)
  to   space 72192K, 0% used [0x00000000eef80000,0x00000000eef80000,0x00000000f3600000)
 ParOldGen       total 193536K, used 103920K [0x0000000080000000, 0x000000008bd00000, 0x00000000d5580000)
  object space 193536K, 53% used [0x0000000080000000,0x000000008657c0d8,0x000000008bd00000)
 Metaspace       used 156505K, capacity 164084K, committed 164224K, reserved 1191936K
  class space    used 21044K, capacity 22573K, committed 22656K, reserved 1048576K
Event: 1626.186 GC heap after
Heap after GC invocations=28 (full 4):
 PSYoungGen      total 414720K, used 47872K [0x00000000d5580000, 0x00000000f3600000, 0x0000000100000000)
  eden space 342528K, 0% used [0x00000000d5580000,0x00000000d5580000,0x00000000ea400000)
  from space 72192K, 66% used [0x00000000eef80000,0x00000000f1e40178,0x00000000f3600000)
  to   space 74752K, 0% used [0x00000000ea400000,0x00000000ea400000,0x00000000eed00000)
 ParOldGen       total 193536K, used 113181K [0x0000000080000000, 0x000000008bd00000, 0x00000000d5580000)
  object space 193536K, 58% used [0x0000000080000000,0x0000000086e876a0,0x000000008bd00000)
 Metaspace       used 156505K, capacity 164084K, committed 164224K, reserved 1191936K
  class space    used 21044K, capacity 22573K, committed 22656K, reserved 1048576K
}
Event: 1626.186 GC heap before
{Heap before GC invocations=29 (full 5):
 PSYoungGen      total 414720K, used 47872K [0x00000000d5580000, 0x00000000f3600000, 0x0000000100000000)
  eden space 342528K, 0% used [0x00000000d5580000,0x00000000d5580000,0x00000000ea400000)
  from space 72192K, 66% used [0x00000000eef80000,0x00000000f1e40178,0x00000000f3600000)
  to   space 74752K, 0% used [0x00000000ea400000,0x00000000ea400000,0x00000000eed00000)
 ParOldGen       total 193536K, used 113181K [0x0000000080000000, 0x000000008bd00000, 0x00000000d5580000)
  object space 193536K, 58% used [0x0000000080000000,0x0000000086e876a0,0x000000008bd00000)
 Metaspace       used 156505K, capacity 164084K, committed 164224K, reserved 1191936K
  class space    used 21044K, capacity 22573K, committed 22656K, reserved 1048576K
Event: 1626.737 GC heap after
Heap after GC invocations=29 (full 5):
 PSYoungGen      total 414720K, used 0K [0x00000000d5580000, 0x00000000f3600000, 0x0000000100000000)
  eden space 342528K, 0% used [0x00000000d5580000,0x00000000d5580000,0x00000000ea400000)
  from space 72192K, 0% used [0x00000000eef80000,0x00000000eef80000,0x00000000f3600000)
  to   space 74752K, 0% used [0x00000000ea400000,0x00000000ea400000,0x00000000eed00000)
 ParOldGen       total 271872K, used 97506K [0x0000000080000000, 0x0000000090980000, 0x00000000d5580000)
  object space 271872K, 35% used [0x0000000080000000,0x0000000085f38980,0x0000000090980000)
 Metaspace       used 156316K, capacity 163620K, committed 164224K, reserved 1191936K
  class space    used 20991K, capacity 22510K, committed 22656K, reserved 1048576K
}
Event: 1640.290 GC heap before
{Heap before GC invocations=30 (full 5):
 PSYoungGen      total 414720K, used 342528K [0x00000000d5580000, 0x00000000f3600000, 0x0000000100000000)
  eden space 342528K, 100% used [0x00000000d5580000,0x00000000ea400000,0x00000000ea400000)
  from space 72192K, 0% used [0x00000000eef80000,0x00000000eef80000,0x00000000f3600000)
  to   space 74752K, 0% used [0x00000000ea400000,0x00000000ea400000,0x00000000eed00000)
 ParOldGen       total 271872K, used 97518K [0x0000000080000000, 0x0000000090980000, 0x00000000d5580000)
  object space 271872K, 35% used [0x0000000080000000,0x0000000085f3b998,0x0000000090980000)
 Metaspace       used 159976K, capacity 167612K, committed 167808K, reserved 1193984K
  class space    used 21479K, capacity 23036K, committed 23168K, reserved 1048576K
Event: 1640.313 GC heap after
Heap after GC invocations=30 (full 5):
 PSYoungGen      total 417280K, used 12928K [0x00000000d5580000, 0x00000000f4c80000, 0x0000000100000000)
  eden space 342528K, 0% used [0x00000000d5580000,0x00000000d5580000,0x00000000ea400000)
  from space 74752K, 17% used [0x00000000ea400000,0x00000000eb0a0040,0x00000000eed00000)
  to   space 73728K, 0% used [0x00000000f0480000,0x00000000f0480000,0x00000000f4c80000)
 ParOldGen       total 271872K, used 97526K [0x0000000080000000, 0x0000000090980000, 0x00000000d5580000)
  object space 271872K, 35% used [0x0000000080000000,0x0000000085f3d998,0x0000000090980000)
 Metaspace       used 159976K, capacity 167612K, committed 167808K, reserved 1193984K
  class space    used 21479K, capacity 23036K, committed 23168K, reserved 1048576K
}
Event: 1649.411 GC heap before
{Heap before GC invocations=31 (full 5):
 PSYoungGen      total 417280K, used 355456K [0x00000000d5580000, 0x00000000f4c80000, 0x0000000100000000)
  eden space 342528K, 100% used [0x00000000d5580000,0x00000000ea400000,0x00000000ea400000)
  from space 74752K, 17% used [0x00000000ea400000,0x00000000eb0a0040,0x00000000eed00000)
  to   space 73728K, 0% used [0x00000000f0480000,0x00000000f0480000,0x00000000f4c80000)
 ParOldGen       total 271872K, used 97575K [0x0000000080000000, 0x0000000090980000, 0x00000000d5580000)
  object space 271872K, 35% used [0x0000000080000000,0x0000000085f49f38,0x0000000090980000)
 Metaspace       used 167310K, capacity 175090K, committed 175360K, reserved 1200128K
  class space    used 22357K, capacity 23968K, committed 24064K, reserved 1048576K
Event: 1649.448 GC heap after
Heap after GC invocations=31 (full 5):
 PSYoungGen      total 433152K, used 20232K [0x00000000d5580000, 0x00000000f4580000, 0x0000000100000000)
  eden space 366592K, 0% used [0x00000000d5580000,0x00000000d5580000,0x00000000ebb80000)
  from space 66560K, 30% used [0x00000000f0480000,0x00000000f1842120,0x00000000f4580000)
  to   space 70656K, 0% used [0x00000000ebb80000,0x00000000ebb80000,0x00000000f0080000)
 ParOldGen       total 271872K, used 97583K [0x0000000080000000, 0x0000000090980000, 0x00000000d5580000)
  object space 271872K, 35% used [0x0000000080000000,0x0000000085f4bf38,0x0000000090980000)
 Metaspace       used 167310K, capacity 175090K, committed 175360K, reserved 1200128K
  class space    used 22357K, capacity 23968K, committed 24064K, reserved 1048576K
}

